<?xml version="1.0" encoding="UTF-8"?>
<!-- Generated by org.testng.reporters.JUnitReportReporter -->
<testsuite hostname="IXED-LAP00336" failures="0" tests="2" name="saleniumdemo.Demo1" time="0.013" errors="0" timestamp="2022-02-14T14:19:20 IST" skipped="0">
  <testcase classname="saleniumdemo.Demo1" name="home2" time="0.012"/>
  <system-out/>
  <testcase classname="saleniumdemo.Demo1" name="logout" time="0.001"/>
  <system-out/>
</testsuite> <!-- saleniumdemo.Demo1 -->
